<?xml version="1.0" encoding="UTF-8" ?>
<testsuite errors="0" failures="0" hostname="machafer" name="com.dsg8.testes.AppTest" tests="2" time="0.172" timestamp="2013-05-23T02:51:37">
  <properties>
    <property name="java.vendor" value="Sun Microsystems Inc." />
    <property name="sun.java.launcher" value="SUN_STANDARD" />
    <property name="sun.management.compiler" value="HotSpot 64-Bit Tiered Compilers" />
    <property name="dist" value="C:\Users\Fernanda\Desktop\PUCRS2013-1\DesenvolvimentodeSistemasGrupo8Testes\dist" />
    <property name="lib" value="C:\Users\Fernanda\Desktop\PUCRS2013-1\DesenvolvimentodeSistemasGrupo8Testes\lib" />
    <property name="os.name" value="Windows 7" />
    <property name="sun.boot.class.path" value="C:\Program Files\Java\jdk1.6.0_37\jre\lib\resources.jar;C:\Program Files\Java\jdk1.6.0_37\jre\lib\rt.jar;C:\Program Files\Java\jdk1.6.0_37\jre\lib\sunrsasign.jar;C:\Program Files\Java\jdk1.6.0_37\jre\lib\jsse.jar;C:\Program Files\Java\jdk1.6.0_37\jre\lib\jce.jar;C:\Program Files\Java\jdk1.6.0_37\jre\lib\charsets.jar;C:\Program Files\Java\jdk1.6.0_37\jre\lib\modules\jdk.boot.jar;C:\Program Files\Java\jdk1.6.0_37\jre\classes" />
    <property name="sun.desktop" value="windows" />
    <property name="java.vm.specification.vendor" value="Sun Microsystems Inc." />
    <property name="ant.home" value="C:\apache" />
    <property name="java.runtime.version" value="1.6.0_37-b06" />
    <property name="user.name" value="Fernanda" />
    <property name="reports" value="C:\Users\Fernanda\Desktop\PUCRS2013-1\DesenvolvimentodeSistemasGrupo8Testes\reports" />
    <property name="user.language" value="en" />
    <property name="build" value="C:\Users\Fernanda\Desktop\PUCRS2013-1\DesenvolvimentodeSistemasGrupo8Testes\build" />
    <property name="ant.file.type.DesenvolvimentoSistemasGrupo8Testes" value="file" />
    <property name="sun.boot.library.path" value="C:\Program Files\Java\jdk1.6.0_37\jre\bin" />
    <property name="ant.project.default-target" value="release-build" />
    <property name="ant.file.DesenvolvimentoSistemasGrupo8Testes" value="C:\Users\Fernanda\Desktop\PUCRS2013-1\DesenvolvimentodeSistemasGrupo8Testes\build\build.xml" />
    <property name="ant.project.name" value="DesenvolvimentoSistemasGrupo8Testes" />
    <property name="java.version" value="1.6.0_37" />
    <property name="user.timezone" value="" />
    <property name="bin" value="C:\Users\Fernanda\Desktop\PUCRS2013-1\DesenvolvimentodeSistemasGrupo8Testes\bin" />
    <property name="sun.arch.data.model" value="64" />
    <property name="java.endorsed.dirs" value="C:\Program Files\Java\jdk1.6.0_37\jre\lib\endorsed" />
    <property name="sun.cpu.isalist" value="amd64" />
    <property name="sun.jnu.encoding" value="Cp1252" />
    <property name="file.encoding.pkg" value="sun.io" />
    <property name="file.separator" value="\" />
    <property name="java.specification.name" value="Java Platform API Specification" />
    <property name="java.class.version" value="50.0" />
    <property name="src" value="C:\Users\Fernanda\Desktop\PUCRS2013-1\DesenvolvimentodeSistemasGrupo8Testes\src" />
    <property name="user.country" value="US" />
    <property name="java.home" value="C:\Program Files\Java\jdk1.6.0_37\jre" />
    <property name="java.vm.info" value="mixed mode" />
    <property name="ant.file" value="C:\Users\Fernanda\Desktop\PUCRS2013-1\DesenvolvimentodeSistemasGrupo8Testes\build\build.xml" />
    <property name="os.version" value="6.1" />
    <property name="path.separator" value=";" />
    <property name="java.vm.version" value="20.12-b01" />
    <property name="user.variant" value="" />
    <property name="ant.library.dir" value="C:\apache\lib" />
    <property name="java.awt.printerjob" value="sun.awt.windows.WPrinterJob" />
    <property name="sun.io.unicode.encoding" value="UnicodeLittle" />
    <property name="awt.toolkit" value="sun.awt.windows.WToolkit" />
    <property name="user.home" value="C:\Users\Fernanda" />
    <property name="java.specification.vendor" value="Sun Microsystems Inc." />
    <property name="java.library.path" value="C:\Program Files\Java\jdk1.6.0_37\jre\bin;C:\Windows\Sun\Java\bin;C:\Windows\system32;C:\Windows;C:\Program Files (x86)\PC Connectivity Solution\;C:\Windows\system32;C:\Windows;C:\Windows\System32\Wbem;C:\Windows\System32\WindowsPowerShell\v1.0\;C:\apache\bin;C:\Program Files\Java\jdk1.6.0_37\bin;C:\jmeter\bin;C:\derby\bin;." />
    <property name="java.vendor.url" value="http://java.sun.com/" />
    <property name="java.vm.vendor" value="Sun Microsystems Inc." />
    <property name="java.runtime.name" value="Java(TM) SE Runtime Environment" />
    <property name="sun.java.command" value="org.apache.tools.ant.taskdefs.optional.junit.JUnitTestRunner com.dsg8.testes.AppTest filtertrace=true haltOnError=false haltOnFailure=false formatter=org.apache.tools.ant.taskdefs.optional.junit.SummaryJUnitResultFormatter showoutput=false outputtoformatters=true logfailedtests=true logtestlistenerevents=false formatter=org.apache.tools.ant.taskdefs.optional.junit.XMLJUnitResultFormatter,C:\Users\Fernanda\Desktop\PUCRS2013-1\DesenvolvimentodeSistemasGrupo8Testes\reports\TEST-com.dsg8.testes.AppTest.xml crashfile=C:\Users\Fernanda\Desktop\PUCRS2013-1\DesenvolvimentodeSistemasGrupo8Testes\junitvmwatcher2690207844769567062.properties propsfile=C:\Users\Fernanda\Desktop\PUCRS2013-1\DesenvolvimentodeSistemasGrupo8Testes\junit8976946405139190451.properties" />
    <property name="java.class.path" value="C:\Users\Fernanda\Desktop\PUCRS2013-1\DesenvolvimentodeSistemasGrupo8Testes\bin;C:\Users\Fernanda\Desktop\PUCRS2013-1\DesenvolvimentodeSistemasGrupo8Testes\lib\junit-4.11-beta-1.jar;C:\apache\lib\ant-launcher.jar;C:\apache\lib\ant.jar;C:\apache\lib\ant-junit.jar;C:\apache\lib\ant-junit4.jar" />
    <property name="ant.version" value="Apache Ant(TM) version 1.8.4 compiled on May 22 2012" />
    <property name="java.vm.specification.name" value="Java Virtual Machine Specification" />
    <property name="ant.file.type" value="file" />
    <property name="java.vm.specification.version" value="1.0" />
    <property name="sun.cpu.endian" value="little" />
    <property name="sun.os.patch.level" value="Service Pack 1" />
    <property name="java.io.tmpdir" value="C:\Users\Fernanda\AppData\Local\Temp\" />
    <property name="java.vendor.url.bug" value="http://java.sun.com/cgi-bin/bugreport.cgi" />
    <property name="os.arch" value="amd64" />
    <property name="java.awt.graphicsenv" value="sun.awt.Win32GraphicsEnvironment" />
    <property name="java.ext.dirs" value="C:\Program Files\Java\jdk1.6.0_37\jre\lib\ext;C:\Windows\Sun\Java\lib\ext" />
    <property name="user.dir" value="C:\Users\Fernanda\Desktop\PUCRS2013-1\DesenvolvimentodeSistemasGrupo8Testes\build" />
    <property name="line.separator" value="&#xd;&#xa;" />
    <property name="java.vm.name" value="Java HotSpot(TM) 64-Bit Server VM" />
    <property name="basedir" value="C:\Users\Fernanda\Desktop\PUCRS2013-1\DesenvolvimentodeSistemasGrupo8Testes" />
    <property name="ant.java.version" value="1.6" />
    <property name="ant.core.lib" value="C:\apache\lib\ant.jar" />
    <property name="file.encoding" value="Cp1252" />
    <property name="java.specification.version" value="1.6" />
    <property name="ant.project.invoked-targets" value="run-tests" />
  </properties>
  <testcase classname="com.dsg8.testes.Teste1" name="emptyTeste" time="0.0" />
  <testcase classname="com.dsg8.testes.Teste2" name="emptyTeste" time="0.0" />
  <system-out><![CDATA[]]></system-out>
  <system-err><![CDATA[]]></system-err>
</testsuite>
